\BOOKMARK [1][-]{section.1}{Introduction}{}% 1
\BOOKMARK [2][-]{subsection.1.1}{Imaging}{section.1}% 2
\BOOKMARK [2][-]{subsection.1.2}{Previous Work}{section.1}% 3
\BOOKMARK [1][-]{section.2}{The Radon Transform and Backprojection}{}% 4
\BOOKMARK [2][-]{subsection.2.1}{The Radon Transform}{section.2}% 5
\BOOKMARK [2][-]{subsection.2.2}{Intertwining Property of the Radon Transform}{section.2}% 6
\BOOKMARK [2][-]{subsection.2.3}{Discretizing the Radon Transform}{section.2}% 7
\BOOKMARK [2][-]{subsection.2.4}{Quadrature and Interpolation}{section.2}% 8
\BOOKMARK [2][-]{subsection.2.5}{Backprojection}{section.2}% 9
\BOOKMARK [2][-]{subsection.2.6}{Discretizing the Backprojection}{section.2}% 10
\BOOKMARK [2][-]{subsection.2.7}{Inverse Radon Transform}{section.2}% 11
\BOOKMARK [1][-]{section.3}{Linear Hyperbolic Partial Differential Equations}{}% 12
\BOOKMARK [2][-]{subsection.3.1}{The Radiative Transfer Problem}{section.3}% 13
\BOOKMARK [2][-]{subsection.3.2}{Radon Transforms of Partial Derivatives}{section.3}% 14
\BOOKMARK [2][-]{subsection.3.3}{Discretization of the PDE}{section.3}% 15
\BOOKMARK [3][-]{subsubsection.3.3.1}{Hyperbolicity}{subsection.3.3}% 16
\BOOKMARK [3][-]{subsubsection.3.3.2}{Using the Hyperbolicity of the PDE}{subsection.3.3}% 17
\BOOKMARK [3][-]{subsubsection.3.3.3}{Spatial Discretization of the PDE}{subsection.3.3}% 18
\BOOKMARK [3][-]{subsubsection.3.3.4}{Temporal Discretization of the PDE}{subsection.3.3}% 19
\BOOKMARK [3][-]{subsubsection.3.3.5}{Solving the System via the Matrix Exponential}{subsection.3.3}% 20
\BOOKMARK [1][-]{section.4}{Results}{}% 21
\BOOKMARK [2][-]{subsection.4.1}{Examples}{section.4}% 22
\BOOKMARK [2][-]{subsection.4.2}{Convergence}{section.4}% 23
